  Main.cpp
D:\UPC\CICLO 3\Algoritmos y Estructura de Datos\PC1\Algoritmo_Grupo7_PC1\PC1_Grupo 07\PC1_Grupo 07\Capp.h(29,5): error C3646: 'getfecha': especificador de invalidación desconocido
D:\UPC\CICLO 3\Algoritmos y Estructura de Datos\PC1\Algoritmo_Grupo7_PC1\PC1_Grupo 07\PC1_Grupo 07\Capp.h(58): message : Vea la referencia a la creación de una instancia de clase plantilla "App<t1>" que se está compilando
D:\UPC\CICLO 3\Algoritmos y Estructura de Datos\PC1\Algoritmo_Grupo7_PC1\PC1_Grupo 07\PC1_Grupo 07\Capp.h(29,13): error C2059: error de sintaxis: '('
D:\UPC\CICLO 3\Algoritmos y Estructura de Datos\PC1\Algoritmo_Grupo7_PC1\PC1_Grupo 07\PC1_Grupo 07\Capp.h(29,1): error C2334: símbolos (token) inesperados delante de '{'; se pasará por alto el cuerpo de función aparente
D:\UPC\CICLO 3\Algoritmos y Estructura de Datos\PC1\Algoritmo_Grupo7_PC1\PC1_Grupo 07\PC1_Grupo 07\Capp.h(30,5): error C3646: 'gethora': especificador de invalidación desconocido
D:\UPC\CICLO 3\Algoritmos y Estructura de Datos\PC1\Algoritmo_Grupo7_PC1\PC1_Grupo 07\PC1_Grupo 07\Capp.h(30,12): error C2059: error de sintaxis: '('
D:\UPC\CICLO 3\Algoritmos y Estructura de Datos\PC1\Algoritmo_Grupo7_PC1\PC1_Grupo 07\PC1_Grupo 07\Capp.h(30,1): error C2334: símbolos (token) inesperados delante de '{'; se pasará por alto el cuerpo de función aparente
D:\UPC\CICLO 3\Algoritmos y Estructura de Datos\PC1\Algoritmo_Grupo7_PC1\PC1_Grupo 07\PC1_Grupo 07\Capp.h(34,16): error C2061: error de sintaxis: identificador 't2'
D:\UPC\CICLO 3\Algoritmos y Estructura de Datos\PC1\Algoritmo_Grupo7_PC1\PC1_Grupo 07\PC1_Grupo 07\Capp.h(35,15): error C2061: error de sintaxis: identificador 't2'
D:\UPC\CICLO 3\Algoritmos y Estructura de Datos\PC1\Algoritmo_Grupo7_PC1\PC1_Grupo 07\PC1_Grupo 07\Capp.h(40,1): error C2535: 'int App<t1>::geturgencia(void)': función miembro ya definida o declarada
D:\UPC\CICLO 3\Algoritmos y Estructura de Datos\PC1\Algoritmo_Grupo7_PC1\PC1_Grupo 07\PC1_Grupo 07\Capp.h(31): message : vea la declaración de 'App<t1>::geturgencia'
D:\UPC\CICLO 3\Algoritmos y Estructura de Datos\PC1\Algoritmo_Grupo7_PC1\PC1_Grupo 07\PC1_Grupo 07\Capp.h(41,1): error C2535: 'void App<t1>::settitulo(t1)': función miembro ya definida o declarada
D:\UPC\CICLO 3\Algoritmos y Estructura de Datos\PC1\Algoritmo_Grupo7_PC1\PC1_Grupo 07\PC1_Grupo 07\Capp.h(32): message : vea la declaración de 'App<t1>::settitulo'
D:\UPC\CICLO 3\Algoritmos y Estructura de Datos\PC1\Algoritmo_Grupo7_PC1\PC1_Grupo 07\PC1_Grupo 07\Capp.h(42,1): error C2535: 'void App<t1>::setdescripcion(t1)': función miembro ya definida o declarada
D:\UPC\CICLO 3\Algoritmos y Estructura de Datos\PC1\Algoritmo_Grupo7_PC1\PC1_Grupo 07\PC1_Grupo 07\Capp.h(33): message : vea la declaración de 'App<t1>::setdescripcion'
D:\UPC\CICLO 3\Algoritmos y Estructura de Datos\PC1\Algoritmo_Grupo7_PC1\PC1_Grupo 07\PC1_Grupo 07\CNota.h(5,1): error C2955: 'App': el uso de clase plantilla requiere una lista de argumentos de plantilla
D:\UPC\CICLO 3\Algoritmos y Estructura de Datos\PC1\Algoritmo_Grupo7_PC1\PC1_Grupo 07\PC1_Grupo 07\Capp.h(11): message : vea la declaración de 'App'
D:\UPC\CICLO 3\Algoritmos y Estructura de Datos\PC1\Algoritmo_Grupo7_PC1\PC1_Grupo 07\PC1_Grupo 07\CNota.h(36): message : Vea la referencia a la creación de una instancia de clase plantilla "CNota<t1>" que se está compilando
D:\UPC\CICLO 3\Algoritmos y Estructura de Datos\PC1\Algoritmo_Grupo7_PC1\PC1_Grupo 07\PC1_Grupo 07\Controller.h(11,9): error C2955: 'CTarea': el uso de clase plantilla requiere una lista de argumentos de plantilla
D:\UPC\CICLO 3\Algoritmos y Estructura de Datos\PC1\Algoritmo_Grupo7_PC1\PC1_Grupo 07\PC1_Grupo 07\CTarea.h(4): message : vea la declaración de 'CTarea'
D:\UPC\CICLO 3\Algoritmos y Estructura de Datos\PC1\Algoritmo_Grupo7_PC1\PC1_Grupo 07\PC1_Grupo 07\Controller.h(37): message : Vea la referencia a la creación de una instancia de clase plantilla "Controller<t1>" que se está compilando
D:\UPC\CICLO 3\Algoritmos y Estructura de Datos\PC1\Algoritmo_Grupo7_PC1\PC1_Grupo 07\PC1_Grupo 07\Controller.h(11,2): error C2976: 'std::vector': no hay suficientes argumentos de plantilla
C:\Program Files (x86)\Microsoft Visual Studio\2019\Community\VC\Tools\MSVC\14.29.30133\include\vector(443): message : vea la declaración de 'std::vector'
D:\UPC\CICLO 3\Algoritmos y Estructura de Datos\PC1\Algoritmo_Grupo7_PC1\PC1_Grupo 07\PC1_Grupo 07\Controller.h(12,9): error C2955: 'CRecordatorio': el uso de clase plantilla requiere una lista de argumentos de plantilla
D:\UPC\CICLO 3\Algoritmos y Estructura de Datos\PC1\Algoritmo_Grupo7_PC1\PC1_Grupo 07\PC1_Grupo 07\CRecordatorio.h(4): message : vea la declaración de 'CRecordatorio'
D:\UPC\CICLO 3\Algoritmos y Estructura de Datos\PC1\Algoritmo_Grupo7_PC1\PC1_Grupo 07\PC1_Grupo 07\Controller.h(12,2): error C2976: 'std::vector': no hay suficientes argumentos de plantilla
C:\Program Files (x86)\Microsoft Visual Studio\2019\Community\VC\Tools\MSVC\14.29.30133\include\vector(443): message : vea la declaración de 'std::vector'
D:\UPC\CICLO 3\Algoritmos y Estructura de Datos\PC1\Algoritmo_Grupo7_PC1\PC1_Grupo 07\PC1_Grupo 07\Controller.h(13,9): error C2955: 'CNota': el uso de clase plantilla requiere una lista de argumentos de plantilla
D:\UPC\CICLO 3\Algoritmos y Estructura de Datos\PC1\Algoritmo_Grupo7_PC1\PC1_Grupo 07\PC1_Grupo 07\CNota.h(4): message : vea la declaración de 'CNota'
D:\UPC\CICLO 3\Algoritmos y Estructura de Datos\PC1\Algoritmo_Grupo7_PC1\PC1_Grupo 07\PC1_Grupo 07\Controller.h(13,2): error C2976: 'std::vector': no hay suficientes argumentos de plantilla
C:\Program Files (x86)\Microsoft Visual Studio\2019\Community\VC\Tools\MSVC\14.29.30133\include\vector(443): message : vea la declaración de 'std::vector'
D:\UPC\CICLO 3\Algoritmos y Estructura de Datos\PC1\Algoritmo_Grupo7_PC1\PC1_Grupo 07\PC1_Grupo 07\Controller.h(14,9): error C2955: 'CEvento': el uso de clase plantilla requiere una lista de argumentos de plantilla
D:\UPC\CICLO 3\Algoritmos y Estructura de Datos\PC1\Algoritmo_Grupo7_PC1\PC1_Grupo 07\PC1_Grupo 07\CEvento.h(4): message : vea la declaración de 'CEvento'
D:\UPC\CICLO 3\Algoritmos y Estructura de Datos\PC1\Algoritmo_Grupo7_PC1\PC1_Grupo 07\PC1_Grupo 07\Controller.h(14,2): error C2976: 'std::vector': no hay suficientes argumentos de plantilla
C:\Program Files (x86)\Microsoft Visual Studio\2019\Community\VC\Tools\MSVC\14.29.30133\include\vector(443): message : vea la declaración de 'std::vector'
D:\UPC\CICLO 3\Algoritmos y Estructura de Datos\PC1\Algoritmo_Grupo7_PC1\PC1_Grupo 07\PC1_Grupo 07\Controller.h(21,1): error C4430: falta el especificador de tipo; se presupone int. Nota: C++ no admite default-int
D:\UPC\CICLO 3\Algoritmos y Estructura de Datos\PC1\Algoritmo_Grupo7_PC1\PC1_Grupo 07\PC1_Grupo 07\Controller.h(23,1): warning C4183: 'addTarea': falta el tipo de valor devuelto; se supone que se trata de una función miembro que devuelve 'int'
D:\UPC\CICLO 3\Algoritmos y Estructura de Datos\PC1\Algoritmo_Grupo7_PC1\PC1_Grupo 07\PC1_Grupo 07\Controller.h(24,1): error C4430: falta el especificador de tipo; se presupone int. Nota: C++ no admite default-int
D:\UPC\CICLO 3\Algoritmos y Estructura de Datos\PC1\Algoritmo_Grupo7_PC1\PC1_Grupo 07\PC1_Grupo 07\Controller.h(26,1): warning C4183: 'addRecordatorio': falta el tipo de valor devuelto; se supone que se trata de una función miembro que devuelve 'int'
D:\UPC\CICLO 3\Algoritmos y Estructura de Datos\PC1\Algoritmo_Grupo7_PC1\PC1_Grupo 07\PC1_Grupo 07\Controller.h(27,1): error C4430: falta el especificador de tipo; se presupone int. Nota: C++ no admite default-int
D:\UPC\CICLO 3\Algoritmos y Estructura de Datos\PC1\Algoritmo_Grupo7_PC1\PC1_Grupo 07\PC1_Grupo 07\Controller.h(29,1): warning C4183: 'addCNota': falta el tipo de valor devuelto; se supone que se trata de una función miembro que devuelve 'int'
D:\UPC\CICLO 3\Algoritmos y Estructura de Datos\PC1\Algoritmo_Grupo7_PC1\PC1_Grupo 07\PC1_Grupo 07\Controller.h(30,1): error C4430: falta el especificador de tipo; se presupone int. Nota: C++ no admite default-int
D:\UPC\CICLO 3\Algoritmos y Estructura de Datos\PC1\Algoritmo_Grupo7_PC1\PC1_Grupo 07\PC1_Grupo 07\Controller.h(32,1): warning C4183: 'addCEvento': falta el tipo de valor devuelto; se supone que se trata de una función miembro que devuelve 'int'
